<?xml version="1.0" encoding="UTF-8"?>
<coverage generated="1681670846774" clover="3.2.0">
  <project timestamp="1681670846774" name="All files">
    <metrics statements="3" coveredstatements="3" conditionals="7" coveredconditionals="7" methods="2" coveredmethods="2" elements="12" coveredelements="12" complexity="0" loc="3" ncloc="3" packages="1" files="1" classes="1"/>
    <file name="Honeycomb.tsx" path="/Volumes/Office/Projects/Npm/npm/@jui/src/components/Honeycomb/Honeycomb.tsx">
      <metrics statements="3" coveredstatements="3" conditionals="7" coveredconditionals="7" methods="2" coveredmethods="2"/>
      <line num="17" count="1" type="stmt"/>
      <line num="19" count="1" type="stmt"/>
      <line num="24" count="7" type="stmt"/>
    </file>
  </project>
</coverage>
