{"/Volumes/Office/Projects/Npm/npm/@jui/src/components/Honeycomb/Honeycomb.tsx": {"path":"/Volumes/Office/Projects/Npm/npm/@jui/src/components/Honeycomb/Honeycomb.tsx","statementMap":{"0":{"start":{"line":17,"column":18},"end":{"line":38,"column":1}},"1":{"start":{"line":19,"column":2},"end":{"line":37,"column":4}},"2":{"start":{"line":24,"column":12},"end":{"line":32,"column":13}}},"fnMap":{"0":{"name":"(anonymous_0)","decl":{"start":{"line":17,"column":18},"end":{"line":17,"column":19}},"loc":{"start":{"line":17,"column":49},"end":{"line":38,"column":1}},"line":17},"1":{"name":"(anonymous_1)","decl":{"start":{"line":23,"column":49},"end":{"line":23,"column":50}},"loc":{"start":{"line":23,"column":79},"end":{"line":33,"column":11}},"line":23}},"branchMap":{"0":{"loc":{"start":{"line":23,"column":10},"end":{"line":33,"column":12}},"type":"binary-expr","locations":[{"start":{"line":23,"column":10},"end":{"line":23,"column":15}},{"start":{"line":23,"column":19},"end":{"line":23,"column":35}},{"start":{"line":23,"column":39},"end":{"line":33,"column":12}}],"line":23},"1":{"loc":{"start":{"line":26,"column":25},"end":{"line":26,"column":61}},"type":"cond-expr","locations":[{"start":{"line":26,"column":42},"end":{"line":26,"column":56}},{"start":{"line":26,"column":59},"end":{"line":26,"column":61}}],"line":26},"2":{"loc":{"start":{"line":26,"column":71},"end":{"line":26,"column":111}},"type":"cond-expr","locations":[{"start":{"line":26,"column":90},"end":{"line":26,"column":106}},{"start":{"line":26,"column":109},"end":{"line":26,"column":111}}],"line":26}},"s":{"0":1,"1":1,"2":7},"f":{"0":1,"1":7},"b":{"0":[1,1,1],"1":[6,1],"2":[6,1]},"_coverageSchema":"1a1c01bbd47fc00a2c39e90264f33305004495a9","hash":"1ac6b12f2ed2fbb0ff2cc4ee91faa91d449f7ff6"}
}
